TN:
SF:App.tsx
FN:14,(anonymous_0)
FNF:1
FNH:1
FNDA:1,(anonymous_0)
DA:14,1
DA:15,1
LF:2
LH:2
BRF:0
BRH:0
end_of_record
TN:
SF:src\GlobalStyle.ts
FNF:0
FNH:0
DA:3,4
DA:10,4
LF:2
LH:2
BRF:0
BRH:0
end_of_record
TN:
SF:src\PaperTheme.ts
FNF:0
FNH:0
DA:4,1
DA:17,1
DA:18,1
LF:3
LH:3
BRF:0
BRH:0
end_of_record
TN:
SF:src\components\ReactIf.tsx
FN:8,(anonymous_0)
FNF:1
FNH:1
FNDA:40,(anonymous_0)
DA:8,4
DA:9,40
LF:2
LH:2
BRDA:9,0,0,6
BRDA:9,0,1,34
BRF:2
BRH:2
end_of_record
TN:
SF:src\components\DivalityForm\DivalityForm.tsx
FN:9,(anonymous_0)
FN:14,(anonymous_1)
FN:46,(anonymous_2)
FN:54,(anonymous_3)
FN:62,(anonymous_4)
FN:65,(anonymous_5)
FN:80,(anonymous_6)
FN:87,(anonymous_7)
FN:103,(anonymous_8)
FN:104,(anonymous_9)
FN:118,(anonymous_10)
FN:119,(anonymous_11)
FN:128,(anonymous_12)
FN:178,(anonymous_13)
FNF:14
FNH:9
FNDA:20,(anonymous_0)
FNDA:0,(anonymous_1)
FNDA:0,(anonymous_2)
FNDA:0,(anonymous_3)
FNDA:22,(anonymous_4)
FNDA:40,(anonymous_5)
FNDA:21,(anonymous_6)
FNDA:39,(anonymous_7)
FNDA:0,(anonymous_8)
FNDA:0,(anonymous_9)
FNDA:5,(anonymous_10)
FNDA:8,(anonymous_11)
FNDA:5,(anonymous_12)
FNDA:8,(anonymous_13)
DA:9,4
DA:14,0
DA:20,20
DA:21,20
DA:23,20
DA:46,0
DA:54,0
DA:62,4
DA:63,22
DA:65,22
DA:66,40
DA:75,40
DA:77,22
DA:80,4
DA:85,21
DA:86,21
DA:88,39
DA:90,39
DA:92,5
DA:103,0
DA:104,0
DA:105,5
DA:108,34
DA:118,5
DA:119,8
DA:120,34
DA:123,39
DA:128,4
DA:135,5
DA:137,5
DA:139,5
DA:140,5
DA:142,5
DA:143,2
DA:144,2
DA:145,2
DA:146,2
DA:147,1
DA:148,1
DA:149,0
DA:151,1
DA:153,2
DA:154,2
DA:155,1
DA:157,3
DA:158,1
DA:159,1
DA:160,1
DA:161,2
DA:162,2
DA:163,2
DA:164,2
DA:165,2
DA:166,1
DA:169,0
DA:172,5
DA:174,5
DA:175,5
DA:178,4
DA:179,8
DA:180,8
DA:181,8
LF:62
LH:55
BRDA:13,0,0,11
BRDA:14,1,0,20
BRDA:15,2,0,20
BRDA:16,3,0,17
BRDA:17,4,0,20
BRDA:35,5,0,7
BRDA:35,5,1,13
BRDA:52,6,0,0
BRDA:52,6,1,20
BRDA:90,7,0,5
BRDA:90,7,1,34
BRDA:142,8,0,2
BRDA:142,8,1,3
BRDA:142,9,0,5
BRDA:142,9,1,4
BRDA:146,10,0,1
BRDA:146,10,1,1
BRDA:146,11,0,2
BRDA:146,11,1,2
BRDA:148,12,0,0
BRDA:148,12,1,1
BRDA:148,13,0,1
BRDA:148,13,1,0
BRDA:154,14,0,1
BRDA:154,14,1,1
BRDA:157,15,0,1
BRDA:157,15,1,2
BRDA:157,16,0,3
BRDA:157,16,1,1
BRDA:161,17,0,2
BRDA:161,17,1,0
BRDA:161,18,0,2
BRDA:161,18,1,2
BRDA:163,19,0,2
BRDA:163,19,1,2
BRDA:165,20,0,1
BRDA:165,20,1,1
BRF:37
BRH:33
end_of_record
TN:
SF:src\components\DivalityForm\DivalityFormStyle.tsx
FNF:0
FNH:0
DA:4,4
LF:1
LH:1
BRF:0
BRH:0
end_of_record
TN:
SF:src\components\DivalityLogo\DivalityLogo.tsx
FN:8,(anonymous_0)
FNF:1
FNH:1
FNDA:1,(anonymous_0)
DA:8,1
DA:9,1
LF:2
LH:2
BRF:0
BRH:0
end_of_record
TN:
SF:src\components\DivalityLogo\DivalityLogoStyle.ts
FNF:0
FNH:0
DA:3,1
LF:1
LH:1
BRF:0
BRH:0
end_of_record
TN:
SF:src\pages\SignIn\SignIn.tsx
FN:12,(anonymous_0)
FN:30,(anonymous_1)
FNF:2
FNH:1
FNDA:1,(anonymous_0)
FNDA:0,(anonymous_1)
DA:12,1
DA:14,1
DA:30,0
DA:33,1
LF:4
LH:3
BRF:0
BRH:0
end_of_record
TN:
SF:src\pages\SignUp\SignUp.tsx
FN:12,(anonymous_0)
FN:39,(anonymous_1)
FN:54,(anonymous_2)
FN:59,(anonymous_3)
FNF:4
FNH:3
FNDA:2,(anonymous_0)
FNDA:0,(anonymous_1)
FNDA:3,(anonymous_2)
FNDA:13,(anonymous_3)
DA:12,2
DA:14,2
DA:39,0
DA:42,2
DA:54,2
DA:55,3
DA:56,3
DA:57,3
DA:58,3
DA:59,13
DA:60,3
DA:61,2
DA:66,1
LF:13
LH:12
BRDA:60,0,0,2
BRDA:60,0,1,1
BRF:2
BRH:2
end_of_record
